<?xml version="1.0" encoding="UTF-8"?>
<!-- Generated by org.testng.reporters.JUnitXMLReporter -->
<testsuite hostname="DESKTOP-CIUUGKB" ignored="0" name="Hub Spot App Regression Test Cases" tests="4" failures="1" timestamp="27 Jul 2019 22:58:34 GMT" time="114.153" errors="0">
  <testcase name="verifyLoginPageTitle" time="0.315" classname="com.qa.hubspot.tests.LoginPageTest">
    <failure type="java.lang.AssertionError" message="expected [HubSpot Loginsss] but found [HubSpot Login]">
      <![CDATA[java.lang.AssertionError: expected [HubSpot Loginsss] but found [HubSpot Login]
at com.qa.hubspot.tests.LoginPageTest.verifyLoginPageTitle(LoginPageTest.java:52)
... Removed 31 stack frames]]>
    </failure>
  </testcase> <!-- verifyLoginPageTitle -->
  <testcase name="verifySignupLink" time="0.258" classname="com.qa.hubspot.tests.LoginPageTest"/>
  <testcase name="loginPageWithCorrectCredentials" time="13.749" classname="com.qa.hubspot.tests.LoginPageTest"/>
  <testcase name="loginwithIncorrectCredentials" time="13.562" classname="com.qa.hubspot.tests.LoginPageTest"/>
</testsuite> <!-- Hub Spot App Regression Test Cases -->
