<?xml version="1.0" encoding="UTF-8"?>
<testng-results skipped="0" failed="1" ignored="0" total="4" passed="3">
  <reporter-output>
  </reporter-output>
  <suite name="Hub Spot Regression Test Automation Suite" duration-ms="114153" started-at="2019-07-27T22:56:40Z" finished-at="2019-07-27T22:58:34Z">
    <groups>
    </groups>
    <test name="Hub Spot App Regression Test Cases" duration-ms="114153" started-at="2019-07-27T22:56:40Z" finished-at="2019-07-27T22:58:34Z">
      <class name="com.qa.hubspot.tests.LoginPageTest">
        <test-method status="PASS" signature="setup()[pri:0, instance:com.qa.hubspot.tests.LoginPageTest@1eef9aef]" name="setup" is-config="true" duration-ms="25472" started-at="2019-07-27T22:56:40Z" finished-at="2019-07-27T22:57:06Z">
          <reporter-output>
          </reporter-output>
        </test-method> <!-- setup -->
        <test-method status="FAIL" signature="verifyLoginPageTitle()[pri:1, instance:com.qa.hubspot.tests.LoginPageTest@1eef9aef]" name="verifyLoginPageTitle" duration-ms="315" started-at="2019-07-27T22:57:06Z" finished-at="2019-07-27T22:57:06Z">
          <exception class="java.lang.AssertionError">
            <message>
              <![CDATA[expected [HubSpot Loginsss] but found [HubSpot Login]]]>
            </message>
            <full-stacktrace>
              <![CDATA[java.lang.AssertionError: expected [HubSpot Loginsss] but found [HubSpot Login]
at org.testng.Assert.fail(Assert.java:96)
at org.testng.Assert.failNotEquals(Assert.java:776)
at org.testng.Assert.assertEqualsImpl(Assert.java:137)
at org.testng.Assert.assertEquals(Assert.java:118)
at org.testng.Assert.assertEquals(Assert.java:453)
at org.testng.Assert.assertEquals(Assert.java:463)
at com.qa.hubspot.tests.LoginPageTest.verifyLoginPageTitle(LoginPageTest.java:52)
at sun.reflect.NativeMethodAccessorImpl.invoke0(Native Method)
at sun.reflect.NativeMethodAccessorImpl.invoke(Unknown Source)
at sun.reflect.DelegatingMethodAccessorImpl.invoke(Unknown Source)
at java.lang.reflect.Method.invoke(Unknown Source)
at org.testng.internal.MethodInvocationHelper.invokeMethod(MethodInvocationHelper.java:124)
at org.testng.internal.Invoker.invokeMethod(Invoker.java:583)
at org.testng.internal.Invoker.invokeTestMethod(Invoker.java:719)
at org.testng.internal.Invoker.invokeTestMethods(Invoker.java:989)
at org.testng.internal.TestMethodWorker.invokeTestMethods(TestMethodWorker.java:125)
at org.testng.internal.TestMethodWorker.run(TestMethodWorker.java:109)
at org.testng.TestRunner.privateRun(TestRunner.java:648)
at org.testng.TestRunner.run(TestRunner.java:505)
at org.testng.SuiteRunner.runTest(SuiteRunner.java:455)
at org.testng.SuiteRunner.runSequentially(SuiteRunner.java:450)
at org.testng.SuiteRunner.privateRun(SuiteRunner.java:415)
at org.testng.SuiteRunner.run(SuiteRunner.java:364)
at org.testng.SuiteRunnerWorker.runSuite(SuiteRunnerWorker.java:52)
at org.testng.SuiteRunnerWorker.run(SuiteRunnerWorker.java:84)
at org.testng.TestNG.runSuitesSequentially(TestNG.java:1208)
at org.testng.TestNG.runSuitesLocally(TestNG.java:1137)
at org.testng.TestNG.runSuites(TestNG.java:1049)
at org.testng.TestNG.run(TestNG.java:1017)
at org.testng.remote.AbstractRemoteTestNG.run(AbstractRemoteTestNG.java:115)
at org.testng.remote.RemoteTestNG.initAndRun(RemoteTestNG.java:251)
at org.testng.remote.RemoteTestNG.main(RemoteTestNG.java:77)
]]>
            </full-stacktrace>
          </exception> <!-- java.lang.AssertionError -->
          <reporter-output>
          </reporter-output>
        </test-method> <!-- verifyLoginPageTitle -->
        <test-method status="PASS" signature="teardown()[pri:0, instance:com.qa.hubspot.tests.LoginPageTest@1eef9aef]" name="teardown" is-config="true" duration-ms="985" started-at="2019-07-27T22:57:08Z" finished-at="2019-07-27T22:57:09Z">
          <reporter-output>
          </reporter-output>
        </test-method> <!-- teardown -->
        <test-method status="PASS" signature="setup()[pri:0, instance:com.qa.hubspot.tests.LoginPageTest@1eef9aef]" name="setup" is-config="true" duration-ms="17862" started-at="2019-07-27T22:57:09Z" finished-at="2019-07-27T22:57:27Z">
          <reporter-output>
          </reporter-output>
        </test-method> <!-- setup -->
        <test-method status="PASS" signature="verifySignupLink()[pri:2, instance:com.qa.hubspot.tests.LoginPageTest@1eef9aef]" name="verifySignupLink" duration-ms="258" started-at="2019-07-27T22:57:27Z" finished-at="2019-07-27T22:57:28Z">
          <reporter-output>
          </reporter-output>
        </test-method> <!-- verifySignupLink -->
        <test-method status="PASS" signature="teardown()[pri:0, instance:com.qa.hubspot.tests.LoginPageTest@1eef9aef]" name="teardown" is-config="true" duration-ms="955" started-at="2019-07-27T22:57:28Z" finished-at="2019-07-27T22:57:29Z">
          <reporter-output>
          </reporter-output>
        </test-method> <!-- teardown -->
        <test-method status="PASS" signature="setup()[pri:0, instance:com.qa.hubspot.tests.LoginPageTest@1eef9aef]" name="setup" is-config="true" duration-ms="18063" started-at="2019-07-27T22:57:29Z" finished-at="2019-07-27T22:57:47Z">
          <reporter-output>
          </reporter-output>
        </test-method> <!-- setup -->
        <test-method status="PASS" signature="loginPageWithCorrectCredentials()[pri:3, instance:com.qa.hubspot.tests.LoginPageTest@1eef9aef]" name="loginPageWithCorrectCredentials" duration-ms="13749" started-at="2019-07-27T22:57:47Z" finished-at="2019-07-27T22:58:00Z">
          <reporter-output>
          </reporter-output>
        </test-method> <!-- loginPageWithCorrectCredentials -->
        <test-method status="PASS" signature="teardown()[pri:0, instance:com.qa.hubspot.tests.LoginPageTest@1eef9aef]" name="teardown" is-config="true" duration-ms="1046" started-at="2019-07-27T22:58:00Z" finished-at="2019-07-27T22:58:01Z">
          <reporter-output>
          </reporter-output>
        </test-method> <!-- teardown -->
        <test-method status="PASS" signature="setup()[pri:0, instance:com.qa.hubspot.tests.LoginPageTest@1eef9aef]" name="setup" is-config="true" duration-ms="17916" started-at="2019-07-27T22:58:01Z" finished-at="2019-07-27T22:58:19Z">
          <reporter-output>
          </reporter-output>
        </test-method> <!-- setup -->
        <test-method status="PASS" signature="loginwithIncorrectCredentials()[pri:4, instance:com.qa.hubspot.tests.LoginPageTest@1eef9aef]" name="loginwithIncorrectCredentials" duration-ms="13562" started-at="2019-07-27T22:58:19Z" finished-at="2019-07-27T22:58:33Z">
          <reporter-output>
          </reporter-output>
        </test-method> <!-- loginwithIncorrectCredentials -->
        <test-method status="PASS" signature="teardown()[pri:0, instance:com.qa.hubspot.tests.LoginPageTest@1eef9aef]" name="teardown" is-config="true" duration-ms="987" started-at="2019-07-27T22:58:33Z" finished-at="2019-07-27T22:58:34Z">
          <reporter-output>
          </reporter-output>
        </test-method> <!-- teardown -->
      </class> <!-- com.qa.hubspot.tests.LoginPageTest -->
    </test> <!-- Hub Spot App Regression Test Cases -->
  </suite> <!-- Hub Spot Regression Test Automation Suite -->
</testng-results>
